<?xml version="1.0" encoding="UTF-8"?>
<!-- Generated by org.testng.reporters.JUnitReportReporter -->
<testsuite skipped="0" hostname="Welcome-PC" name="com.test.SampleTest" tests="3" failures="0" timestamp="02 Aug 2017 12:23:34 GMT" time="0.043" errors="0">
  <testcase name="login" time="0.033" classname="com.test.SampleTest"/>
  <testcase name="logout" time="0.005" classname="com.test.SampleTest"/>
  <testcase name="search" time="0.005" classname="com.test.SampleTest"/>
</testsuite> <!-- com.test.SampleTest -->
