<?xml version="1.0" encoding="UTF-8"?>
<!-- Generated by org.testng.reporters.JUnitReportReporter -->
<testsuite skipped="0" hostname="Welcome-PC" name="com.test.ReadTableData" tests="1" failures="0" timestamp="13 Oct 2017 10:35:35 GMT" time="110.218" errors="0">
  <testcase name="readData" time="110.218" classname="com.test.ReadTableData"/>
</testsuite> <!-- com.test.ReadTableData -->
