<?xml version="1.0" encoding="UTF-8"?>
<!-- Generated by org.testng.reporters.JUnitReportReporter -->
<testsuite skipped="0" hostname="Welcome-PC" name="com.test.GetAllTableData" tests="1" failures="0" timestamp="13 Oct 2017 10:49:16 GMT" time="86.953" errors="0">
  <testcase name="getAllTableData" time="86.953" classname="com.test.GetAllTableData"/>
</testsuite> <!-- com.test.GetAllTableData -->
