<?xml version="1.0" encoding="UTF-8"?>
<!-- Generated by org.testng.reporters.JUnitReportReporter -->
<testsuite skipped="0" hostname="Welcome-PC" name="com.test.VerifyGmail1" tests="1" failures="0" timestamp="24 Oct 2017 05:19:25 GMT" time="14.935" errors="0">
  <testcase name="verifyGmaill" time="14.935" classname="com.test.VerifyGmail1"/>
</testsuite> <!-- com.test.VerifyGmail1 -->
