<?xml version="1.0" encoding="UTF-8"?>
<!-- Generated by org.testng.reporters.JUnitReportReporter -->
<testsuite skipped="0" hostname="Welcome-PC" name="com.test.GroupingTests" tests="2" failures="0" timestamp="02 Aug 2017 14:47:16 GMT" time="0.016" errors="0">
  <testcase name="search" time="0.003" classname="com.test.GroupingTests"/>
  <testcase name="fundTransfer" time="0.013" classname="com.test.GroupingTests"/>
</testsuite> <!-- com.test.GroupingTests -->
