<?xml version="1.0" encoding="UTF-8"?>
<!-- Generated by org.testng.reporters.JUnitReportReporter -->
<testsuite skipped="0" hostname="Welcome-PC" name="com.test.ScreenshotMukesh1" tests="1" failures="0" timestamp="24 Oct 2017 05:07:59 GMT" time="49.300" errors="0">
  <testcase name="takeScreeenhot" time="49.300" classname="com.test.ScreenshotMukesh1"/>
</testsuite> <!-- com.test.ScreenshotMukesh1 -->
