<?xml version="1.0" encoding="UTF-8"?>
<!-- Generated by org.testng.reporters.JUnitReportReporter -->
<testsuite skipped="0" hostname="Welcome-PC" name="com.test.HandleDropdown" tests="1" failures="0" timestamp="13 Jun 2018 02:53:36 GMT" time="47.283" errors="0">
  <testcase name="getAllSelected" time="47.283" classname="com.test.HandleDropdown"/>
</testsuite> <!-- com.test.HandleDropdown -->
