<?xml version="1.0" encoding="UTF-8"?>
<!-- Generated by org.testng.reporters.JUnitReportReporter -->
<testsuite skipped="0" hostname="Welcome-PC" name="com.test.VerifyBrokenLinks" tests="1" failures="0" timestamp="11 Oct 2017 12:25:45 GMT" time="70.848" errors="0">
  <testcase name="verifyBrokenlinks" time="70.848" classname="com.test.VerifyBrokenLinks"/>
</testsuite> <!-- com.test.VerifyBrokenLinks -->
