<?xml version="1.0" encoding="UTF-8"?>
<!-- Generated by org.testng.reporters.JUnitReportReporter -->
<testsuite skipped="0" hostname="Welcome-PC" name="com.test.ToolTipVerify" tests="1" failures="0" timestamp="24 Oct 2017 04:00:25 GMT" time="15.325" errors="0">
  <testcase name="tooltipVerify" time="15.325" classname="com.test.ToolTipVerify"/>
</testsuite> <!-- com.test.ToolTipVerify -->
