<?xml version="1.0" encoding="UTF-8"?>
<!-- Generated by org.testng.reporters.JUnitReportReporter -->
<testsuite skipped="0" hostname="Welcome-PC" name="com.test.ABCD2" tests="2" failures="0" timestamp="02 Aug 2017 13:01:22 GMT" time="0.009" errors="0">
  <testcase name="search" time="0.006" classname="com.test.ABCD2"/>
  <testcase name="advancedSearch" time="0.003" classname="com.test.ABCD2"/>
</testsuite> <!-- com.test.ABCD2 -->
