<?xml version="1.0" encoding="UTF-8"?>
<!-- Generated by org.testng.reporters.JUnitReportReporter -->
<testsuite skipped="0" hostname="Welcome-PC" name="com.test.WithOutSendKeys" tests="1" failures="0" timestamp="10 Jul 2018 11:53:02 GMT" time="133.155" errors="0">
  <testcase name="withOtSendKeys" time="133.155" classname="com.test.WithOutSendKeys"/>
</testsuite> <!-- com.test.WithOutSendKeys -->
