<?xml version="1.0" encoding="UTF-8"?>
<!-- Generated by org.testng.reporters.JUnitReportReporter -->
<testsuite skipped="0" hostname="Welcome-PC" name="com.test.LinkPresent" tests="1" failures="0" timestamp="19 Apr 2019 13:57:31 GMT" time="27.776" errors="0">
  <testcase name="linkNamePresent" time="27.776" classname="com.test.LinkPresent"/>
</testsuite> <!-- com.test.LinkPresent -->
