<?xml version="1.0" encoding="UTF-8"?>
<!-- Generated by org.testng.reporters.JUnitReportReporter -->
<testsuite skipped="0" hostname="Welcome-PC" name="com.test.LinkPresent1" tests="1" failures="0" timestamp="24 Oct 2017 04:19:04 GMT" time="21.293" errors="0">
  <testcase name="linkpresentIngoogle" time="21.293" classname="com.test.LinkPresent1"/>
</testsuite> <!-- com.test.LinkPresent1 -->
