<?xml version="1.0" encoding="UTF-8"?>
<!-- Generated by org.testng.reporters.JUnitReportReporter -->
<testsuite skipped="0" hostname="Welcome-PC" name="com.local.home.selenium.testing.GoogleSearchTest" tests="1" failures="0" timestamp="17 Aug 2017 06:35:07 GMT" time="20.201" errors="0">
  <testcase name="testChromeDriverSelenium" time="20.201" classname="com.local.home.selenium.testing.GoogleSearchTest"/>
</testsuite> <!-- com.local.home.selenium.testing.GoogleSearchTest -->
