<?xml version="1.0" encoding="UTF-8"?>
<!-- Generated by org.testng.reporters.JUnitReportReporter -->
<testsuite skipped="0" hostname="Welcome-PC" name="com.test.VerifyTitleGmail" tests="1" failures="0" timestamp="02 Aug 2017 12:05:09 GMT" time="73.919" errors="0">
  <testcase name="verifyTitle" time="73.919" classname="com.test.VerifyTitleGmail"/>
</testsuite> <!-- com.test.VerifyTitleGmail -->
