<?xml version="1.0" encoding="UTF-8"?>
<!-- Generated by org.testng.reporters.JUnitReportReporter -->
<testsuite skipped="0" hostname="Welcome-PC" name="com.test.ABCD1" tests="3" failures="0" timestamp="02 Aug 2017 13:01:22 GMT" time="0.025" errors="0">
  <testcase name="fundTransfer" time="0.003" classname="com.test.ABCD1"/>
  <testcase name="billPayment" time="0.010" classname="com.test.ABCD1"/>
  <testcase name="prapaidRecharge" time="0.012" classname="com.test.ABCD1"/>
</testsuite> <!-- com.test.ABCD1 -->
