<?xml version="1.0" encoding="UTF-8"?>
<!-- Generated by org.testng.reporters.JUnitReportReporter -->
<testsuite skipped="0" hostname="Welcome-PC" name="com.wordpress.testcases.VerifyWordpressLogin" tests="1" failures="0" timestamp="13 Sep 2017 10:41:12 GMT" time="106.512" errors="0">
  <testcase name="verifyLogin" time="106.512" classname="com.wordpress.testcases.VerifyWordpressLogin"/>
</testsuite> <!-- com.wordpress.testcases.VerifyWordpressLogin -->
