<?xml version="1.0" encoding="UTF-8"?>
<!-- Generated by org.testng.reporters.JUnitReportReporter -->
<testsuite skipped="0" hostname="Welcome-PC" name="com.test.GetAllSelectedItem" tests="1" failures="0" timestamp="13 Jun 2018 02:16:14 GMT" time="37.391" errors="0">
  <testcase name="getAllSelected" time="37.391" classname="com.test.GetAllSelectedItem"/>
</testsuite> <!-- com.test.GetAllSelectedItem -->
