<?xml version="1.0" encoding="UTF-8"?>
<!-- Generated by org.testng.reporters.JUnitReportReporter -->
<testsuite skipped="0" hostname="Welcome-PC" name="com.wordpress.testcases.VerifyValidLogin" tests="1" failures="0" timestamp="13 Sep 2017 10:53:12 GMT" time="46.518" errors="0">
  <testcase name="checkValidUser" time="46.518" classname="com.wordpress.testcases.VerifyValidLogin"/>
</testsuite> <!-- com.wordpress.testcases.VerifyValidLogin -->
