<?xml version="1.0" encoding="UTF-8"?>
<!-- Generated by org.testng.reporters.JUnitReportReporter -->
<testsuite skipped="0" hostname="Welcome-PC" name="com.test.WebTable" tests="1" failures="0" timestamp="12 Sep 2017 11:38:05 GMT" time="79.720" errors="0">
  <testcase name="table" time="79.720" classname="com.test.WebTable"/>
</testsuite> <!-- com.test.WebTable -->
