<?xml version="1.0" encoding="UTF-8"?>
<!-- Generated by org.testng.reporters.JUnitReportReporter -->
<testsuite skipped="0" hostname="Welcome-PC" name="com.test.DatePickerDemo" tests="1" failures="0" timestamp="18 Sep 2017 11:35:44 GMT" time="150.134" errors="0">
  <testcase name="pickDate" time="150.134" classname="com.test.DatePickerDemo"/>
</testsuite> <!-- com.test.DatePickerDemo -->
