<?xml version="1.0" encoding="UTF-8"?>
<!-- Generated by org.testng.reporters.JUnitReportReporter -->
<testsuite skipped="0" hostname="Welcome-PC" name="com.test.MouseHoverVerifyText" tests="1" failures="0" timestamp="03 Oct 2017 11:55:40 GMT" time="14.644" errors="0">
  <testcase name="verifyTextHover" time="14.644" classname="com.test.MouseHoverVerifyText"/>
</testsuite> <!-- com.test.MouseHoverVerifyText -->
