<?xml version="1.0" encoding="UTF-8"?>
<!-- Generated by org.testng.reporters.JUnitReportReporter -->
<testsuite skipped="0" hostname="Welcome-PC" name="com.test.TestNGInterviewQuestions" tests="2" failures="0" timestamp="19 Sep 2017 11:21:01 GMT" time="0.046" errors="0">
  <testcase name="testCase2" time="0.002" classname="com.test.TestNGInterviewQuestions"/>
  <testcase name="testCase1" time="0.044" classname="com.test.TestNGInterviewQuestions"/>
</testsuite> <!-- com.test.TestNGInterviewQuestions -->
