<?xml version="1.0" encoding="UTF-8"?>
<!-- Generated by org.testng.reporters.JUnitReportReporter -->
<testsuite skipped="0" hostname="Welcome-PC" name="com.test.RunFailedTC" tests="1" failures="0" timestamp="12 Sep 2017 06:07:41 GMT" time="0.071" errors="0">
  <testcase name="testFB" time="0.071" classname="com.test.RunFailedTC"/>
</testsuite> <!-- com.test.RunFailedTC -->
