<?xml version="1.0" encoding="UTF-8"?>
<!-- Generated by org.testng.reporters.JUnitReportReporter -->
<testsuite skipped="0" hostname="Welcome-PC" name="com.test.WebTableHandle" tests="1" failures="0" timestamp="02 Jul 2018 11:32:35 GMT" time="67.969" errors="0">
  <testcase name="handlingWebTable" time="67.969" classname="com.test.WebTableHandle"/>
</testsuite> <!-- com.test.WebTableHandle -->
