<?xml version="1.0" encoding="UTF-8"?>
<!-- Generated by org.testng.reporters.JUnitReportReporter -->
<testsuite skipped="0" hostname="Welcome-PC" name="com.test.DatePickerDemoAdvance" tests="1" failures="0" timestamp="18 Sep 2017 12:13:34 GMT" time="108.368" errors="0">
  <testcase name="pickDate" time="108.368" classname="com.test.DatePickerDemoAdvance"/>
</testsuite> <!-- com.test.DatePickerDemoAdvance -->
