<?xml version="1.0" encoding="UTF-8"?>
<!-- Generated by org.testng.reporters.JUnitReportReporter -->
<testsuite skipped="0" hostname="Welcome-PC" name="com.wordpress.testcases.MainLogin" tests="1" failures="0" timestamp="04 Aug 2017 12:18:50 GMT" time="77.294" errors="0">
  <testcase name="mainlogin" time="77.294" classname="com.wordpress.testcases.MainLogin"/>
</testsuite> <!-- com.wordpress.testcases.MainLogin -->
