<?xml version="1.0" encoding="UTF-8"?>
<!-- Generated by org.testng.reporters.JUnitReportReporter -->
<testsuite skipped="0" hostname="Welcome-PC" name="com.test.PageScroll" tests="1" failures="0" timestamp="21 Aug 2017 15:57:17 GMT" time="33.974" errors="0">
  <testcase name="pageScroll" time="33.974" classname="com.test.PageScroll"/>
</testsuite> <!-- com.test.PageScroll -->
