<?xml version="1.0" encoding="UTF-8"?>
<!-- Generated by org.testng.reporters.JUnitReportReporter -->
<testsuite skipped="0" hostname="Welcome-PC" name="com.local.home.selenium.testing.CheckBoxList" tests="1" failures="0" timestamp="01 Nov 2017 12:55:24 GMT" time="45.543" errors="0">
  <testcase name="testChromeDriverSelenium" time="45.543" classname="com.local.home.selenium.testing.CheckBoxList"/>
</testsuite> <!-- com.local.home.selenium.testing.CheckBoxList -->
