<?xml version="1.0" encoding="UTF-8"?>
<!-- Generated by org.testng.reporters.JUnitReportReporter -->
<testsuite skipped="0" hostname="Welcome-PC" name="com.test.WindowsHandling" tests="1" failures="0" timestamp="08 Aug 2017 06:18:07 GMT" time="38.579" errors="0">
  <testcase name="multipleWindowhandling" time="38.579" classname="com.test.WindowsHandling"/>
</testsuite> <!-- com.test.WindowsHandling -->
