<?xml version="1.0" encoding="UTF-8"?>
<!-- Generated by org.testng.reporters.JUnitReportReporter -->
<testsuite skipped="0" hostname="Welcome-PC" name="com.test.VerifyText" tests="1" failures="0" timestamp="05 Apr 2018 01:26:26 GMT" time="28.888" errors="0">
  <testcase name="verifyTextInAPage" time="28.888" classname="com.test.VerifyText"/>
</testsuite> <!-- com.test.VerifyText -->
