<?xml version="1.0" encoding="UTF-8"?>
<!-- Generated by org.testng.reporters.JUnitReportReporter -->
<testsuite skipped="0" hostname="Welcome-PC" name="com.test.PriorityWiseTest" tests="3" failures="0" timestamp="04 Aug 2017 10:46:31 GMT" time="0.003" errors="0">
  <testcase name="login" time="0.001" classname="com.test.PriorityWiseTest"/>
  <testcase name="logout" time="0.001" classname="com.test.PriorityWiseTest"/>
  <testcase name="search" time="0.001" classname="com.test.PriorityWiseTest"/>
</testsuite> <!-- com.test.PriorityWiseTest -->
