<?xml version="1.0" encoding="UTF-8"?>
<!-- Generated by org.testng.reporters.JUnitReportReporter -->
<testsuite skipped="0" hostname="Welcome-PC" name="com.local.home.selenium.testing.GoogleSearchTest" tests="1" failures="0" timestamp="04 Aug 2017 10:46:31 GMT" time="45.343" errors="0">
  <testcase name="testChromeDriverSelenium" time="45.343" classname="com.local.home.selenium.testing.GoogleSearchTest"/>
</testsuite> <!-- com.local.home.selenium.testing.GoogleSearchTest -->
